{"C:\\Users\\User\\Documents\\Web\\FSDSlider\\src\\Control\\controlHandleX.ts": {"path":"C:\\Users\\User\\Documents\\Web\\FSDSlider\\src\\Control\\controlHandleX.ts","statementMap":{"0":{"start":{"line":80,"column":10},"end":{"line":80,"column":43}},"1":{"start":{"line":29,"column":4},"end":{"line":29,"column":39}},"2":{"start":{"line":30,"column":4},"end":{"line":30,"column":36}},"3":{"start":{"line":32,"column":4},"end":{"line":32,"column":16}},"4":{"start":{"line":33,"column":4},"end":{"line":33,"column":53}},"5":{"start":{"line":34,"column":4},"end":{"line":34,"column":83}},"6":{"start":{"line":38,"column":4},"end":{"line":38,"column":48}},"7":{"start":{"line":40,"column":4},"end":{"line":40,"column":22}},"8":{"start":{"line":41,"column":4},"end":{"line":41,"column":26}},"9":{"start":{"line":43,"column":4},"end":{"line":43,"column":81}},"10":{"start":{"line":45,"column":4},"end":{"line":47,"column":7}},"11":{"start":{"line":46,"column":6},"end":{"line":46,"column":59}},"12":{"start":{"line":51,"column":4},"end":{"line":51,"column":61}},"13":{"start":{"line":52,"column":4},"end":{"line":52,"column":45}},"14":{"start":{"line":56,"column":4},"end":{"line":56,"column":48}},"15":{"start":{"line":60,"column":4},"end":{"line":60,"column":30}},"16":{"start":{"line":61,"column":4},"end":{"line":61,"column":54}},"17":{"start":{"line":62,"column":4},"end":{"line":62,"column":60}},"18":{"start":{"line":66,"column":4},"end":{"line":66,"column":66}},"19":{"start":{"line":67,"column":4},"end":{"line":67,"column":74}},"20":{"start":{"line":68,"column":4},"end":{"line":68,"column":51}},"21":{"start":{"line":69,"column":4},"end":{"line":77,"column":null}},"22":{"start":{"line":71,"column":6},"end":{"line":76,"column":null}},"23":{"start":{"line":72,"column":8},"end":{"line":72,"column":59}},"24":{"start":{"line":73,"column":8},"end":{"line":73,"column":79}},"25":{"start":{"line":74,"column":8},"end":{"line":74,"column":74}},"26":{"start":{"line":75,"column":8},"end":{"line":75,"column":22}},"27":{"start":{"line":83,"column":4},"end":{"line":92,"column":null}},"28":{"start":{"line":84,"column":6},"end":{"line":84,"column":53}},"29":{"start":{"line":85,"column":6},"end":{"line":85,"column":51}},"30":{"start":{"line":86,"column":6},"end":{"line":86,"column":82}},"31":{"start":{"line":87,"column":6},"end":{"line":91,"column":null}},"32":{"start":{"line":88,"column":8},"end":{"line":88,"column":38}},"33":{"start":{"line":89,"column":8},"end":{"line":89,"column":59}},"34":{"start":{"line":90,"column":8},"end":{"line":90,"column":22}},"35":{"start":{"line":96,"column":4},"end":{"line":99,"column":null}},"36":{"start":{"line":97,"column":6},"end":{"line":97,"column":68}},"37":{"start":{"line":98,"column":6},"end":{"line":98,"column":74}},"38":{"start":{"line":103,"column":4},"end":{"line":106,"column":null}},"39":{"start":{"line":104,"column":6},"end":{"line":104,"column":68}},"40":{"start":{"line":105,"column":6},"end":{"line":105,"column":74}},"41":{"start":{"line":110,"column":4},"end":{"line":110,"column":40}},"42":{"start":{"line":114,"column":18},"end":{"line":114,"column":56}},"43":{"start":{"line":115,"column":4},"end":{"line":117,"column":null}},"44":{"start":{"line":116,"column":6},"end":{"line":116,"column":37}},"45":{"start":{"line":121,"column":4},"end":{"line":125,"column":null}},"46":{"start":{"line":122,"column":6},"end":{"line":124,"column":9}},"47":{"start":{"line":123,"column":8},"end":{"line":123,"column":53}},"48":{"start":{"line":131,"column":4},"end":{"line":131,"column":26}},"49":{"start":{"line":135,"column":4},"end":{"line":135,"column":26}},"50":{"start":{"line":139,"column":4},"end":{"line":139,"column":34}},"51":{"start":{"line":143,"column":4},"end":{"line":143,"column":35}},"52":{"start":{"line":147,"column":51},"end":{"line":147,"column":53}},"53":{"start":{"line":148,"column":4},"end":{"line":150,"column":7}},"54":{"start":{"line":149,"column":6},"end":{"line":149,"column":27}},"55":{"start":{"line":151,"column":4},"end":{"line":151,"column":20}},"56":{"start":{"line":6,"column":0},"end":{"line":6,"column":21}}},"fnMap":{"0":{"name":"(anonymous_0)","decl":{"start":{"line":27,"column":2},"end":{"line":27,"column":14}},"loc":{"start":{"line":28,"column":54},"end":{"line":35,"column":3}}},"1":{"name":"(anonymous_1)","decl":{"start":{"line":37,"column":10},"end":{"line":37,"column":14}},"loc":{"start":{"line":37,"column":14},"end":{"line":48,"column":3}}},"2":{"name":"(anonymous_2)","decl":{"start":{"line":45,"column":41},"end":{"line":45,"column":44}},"loc":{"start":{"line":45,"column":46},"end":{"line":47,"column":5}}},"3":{"name":"(anonymous_3)","decl":{"start":{"line":50,"column":10},"end":{"line":50,"column":20}},"loc":{"start":{"line":50,"column":20},"end":{"line":53,"column":3}}},"4":{"name":"(anonymous_4)","decl":{"start":{"line":55,"column":10},"end":{"line":55,"column":24}},"loc":{"start":{"line":55,"column":24},"end":{"line":57,"column":3}}},"5":{"name":"(anonymous_5)","decl":{"start":{"line":59,"column":10},"end":{"line":59,"column":27}},"loc":{"start":{"line":59,"column":45},"end":{"line":63,"column":3}}},"6":{"name":"(anonymous_6)","decl":{"start":{"line":65,"column":10},"end":{"line":65,"column":19}},"loc":{"start":{"line":65,"column":37},"end":{"line":78,"column":3}}},"7":{"name":"(anonymous_7)","decl":{"start":{"line":82,"column":2},"end":{"line":82,"column":25}},"loc":{"start":{"line":82,"column":41},"end":{"line":93,"column":3}}},"8":{"name":"(anonymous_8)","decl":{"start":{"line":95,"column":2},"end":{"line":95,"column":14}},"loc":{"start":{"line":95,"column":32},"end":{"line":100,"column":3}}},"9":{"name":"(anonymous_9)","decl":{"start":{"line":102,"column":2},"end":{"line":102,"column":14}},"loc":{"start":{"line":102,"column":32},"end":{"line":107,"column":3}}},"10":{"name":"(anonymous_10)","decl":{"start":{"line":109,"column":2},"end":{"line":109,"column":13}},"loc":{"start":{"line":109,"column":57},"end":{"line":111,"column":3}}},"11":{"name":"(anonymous_11)","decl":{"start":{"line":113,"column":2},"end":{"line":113,"column":16}},"loc":{"start":{"line":113,"column":60},"end":{"line":118,"column":3}}},"12":{"name":"(anonymous_12)","decl":{"start":{"line":120,"column":2},"end":{"line":120,"column":8}},"loc":{"start":{"line":120,"column":8},"end":{"line":126,"column":3}}},"13":{"name":"(anonymous_13)","decl":{"start":{"line":122,"column":28},"end":{"line":122,"column":29}},"loc":{"start":{"line":122,"column":35},"end":{"line":124,"column":7}}},"14":{"name":"(anonymous_14)","decl":{"start":{"line":130,"column":2},"end":{"line":130,"column":14}},"loc":{"start":{"line":130,"column":14},"end":{"line":132,"column":3}}},"15":{"name":"(anonymous_15)","decl":{"start":{"line":134,"column":2},"end":{"line":134,"column":14}},"loc":{"start":{"line":134,"column":14},"end":{"line":136,"column":3}}},"16":{"name":"(anonymous_16)","decl":{"start":{"line":138,"column":2},"end":{"line":138,"column":20}},"loc":{"start":{"line":138,"column":20},"end":{"line":140,"column":3}}},"17":{"name":"(anonymous_17)","decl":{"start":{"line":142,"column":2},"end":{"line":142,"column":22}},"loc":{"start":{"line":142,"column":22},"end":{"line":144,"column":3}}},"18":{"name":"(anonymous_18)","decl":{"start":{"line":146,"column":2},"end":{"line":146,"column":13}},"loc":{"start":{"line":146,"column":13},"end":{"line":152,"column":3}}},"19":{"name":"(anonymous_19)","decl":{"start":{"line":148,"column":26},"end":{"line":148,"column":27}},"loc":{"start":{"line":148,"column":40},"end":{"line":150,"column":5}}}},"branchMap":{"0":{"loc":{"start":{"line":28,"column":52},"end":{"line":28,"column":54}},"type":"default-arg","locations":[{"start":{"line":28,"column":52},"end":{"line":28,"column":54}}]},"1":{"loc":{"start":{"line":69,"column":4},"end":{"line":77,"column":null}},"type":"if","locations":[{"start":{"line":69,"column":4},"end":{"line":77,"column":null}},{"start":{"line":69,"column":4},"end":{"line":77,"column":null}}]},"2":{"loc":{"start":{"line":69,"column":8},"end":{"line":69,"column":43}},"type":"binary-expr","locations":[{"start":{"line":69,"column":8},"end":{"line":69,"column":43}},{"start":{"line":70,"column":9},"end":{"line":70,"column":62}}]},"3":{"loc":{"start":{"line":71,"column":6},"end":{"line":76,"column":null}},"type":"if","locations":[{"start":{"line":71,"column":6},"end":{"line":76,"column":null}},{"start":{"line":71,"column":6},"end":{"line":76,"column":null}}]},"4":{"loc":{"start":{"line":71,"column":10},"end":{"line":71,"column":46}},"type":"binary-expr","locations":[{"start":{"line":71,"column":10},"end":{"line":71,"column":46}},{"start":{"line":71,"column":50},"end":{"line":71,"column":86}}]},"5":{"loc":{"start":{"line":83,"column":4},"end":{"line":92,"column":null}},"type":"if","locations":[{"start":{"line":83,"column":4},"end":{"line":92,"column":null}},{"start":{"line":83,"column":4},"end":{"line":92,"column":null}}]},"6":{"loc":{"start":{"line":83,"column":8},"end":{"line":83,"column":22}},"type":"binary-expr","locations":[{"start":{"line":83,"column":8},"end":{"line":83,"column":22}},{"start":{"line":83,"column":26},"end":{"line":83,"column":38}}]},"7":{"loc":{"start":{"line":87,"column":6},"end":{"line":91,"column":null}},"type":"if","locations":[{"start":{"line":87,"column":6},"end":{"line":91,"column":null}},{"start":{"line":87,"column":6},"end":{"line":91,"column":null}}]},"8":{"loc":{"start":{"line":87,"column":10},"end":{"line":87,"column":46}},"type":"binary-expr","locations":[{"start":{"line":87,"column":10},"end":{"line":87,"column":46}},{"start":{"line":87,"column":50},"end":{"line":87,"column":86}}]},"9":{"loc":{"start":{"line":96,"column":4},"end":{"line":99,"column":null}},"type":"if","locations":[{"start":{"line":96,"column":4},"end":{"line":99,"column":null}},{"start":{"line":96,"column":4},"end":{"line":99,"column":null}}]},"10":{"loc":{"start":{"line":96,"column":8},"end":{"line":96,"column":24}},"type":"binary-expr","locations":[{"start":{"line":96,"column":8},"end":{"line":96,"column":24}},{"start":{"line":96,"column":28},"end":{"line":96,"column":42}}]},"11":{"loc":{"start":{"line":103,"column":4},"end":{"line":106,"column":null}},"type":"if","locations":[{"start":{"line":103,"column":4},"end":{"line":106,"column":null}},{"start":{"line":103,"column":4},"end":{"line":106,"column":null}}]},"12":{"loc":{"start":{"line":103,"column":8},"end":{"line":103,"column":24}},"type":"binary-expr","locations":[{"start":{"line":103,"column":8},"end":{"line":103,"column":24}},{"start":{"line":103,"column":28},"end":{"line":103,"column":42}}]},"13":{"loc":{"start":{"line":115,"column":4},"end":{"line":117,"column":null}},"type":"if","locations":[{"start":{"line":115,"column":4},"end":{"line":117,"column":null}},{"start":{"line":115,"column":4},"end":{"line":117,"column":null}}]},"14":{"loc":{"start":{"line":121,"column":4},"end":{"line":125,"column":null}},"type":"if","locations":[{"start":{"line":121,"column":4},"end":{"line":125,"column":null}},{"start":{"line":121,"column":4},"end":{"line":125,"column":null}}]},"15":{"loc":{"start":{"line":121,"column":8},"end":{"line":121,"column":30}},"type":"binary-expr","locations":[{"start":{"line":121,"column":8},"end":{"line":121,"column":30}},{"start":{"line":121,"column":34},"end":{"line":121,"column":61}}]}},"s":{"0":1,"1":1,"2":1,"3":1,"4":1,"5":1,"6":1,"7":1,"8":1,"9":1,"10":1,"11":0,"12":1,"13":1,"14":1,"15":0,"16":0,"17":0,"18":0,"19":0,"20":0,"21":0,"22":0,"23":0,"24":0,"25":0,"26":0,"27":7,"28":5,"29":5,"30":5,"31":5,"32":4,"33":4,"34":4,"35":1,"36":1,"37":1,"38":1,"39":1,"40":1,"41":4,"42":1,"43":1,"44":1,"45":4,"46":4,"47":0,"48":1,"49":1,"50":6,"51":2,"52":3,"53":3,"54":8,"55":3,"56":1},"f":{"0":1,"1":1,"2":0,"3":1,"4":1,"5":0,"6":0,"7":7,"8":1,"9":1,"10":4,"11":1,"12":4,"13":0,"14":1,"15":1,"16":6,"17":2,"18":3,"19":8},"b":{"0":[1],"1":[0,0],"2":[0,0],"3":[0,0],"4":[0,0],"5":[5,2],"6":[7,6],"7":[4,1],"8":[5,5],"9":[1,0],"10":[1,1],"11":[1,0],"12":[1,1],"13":[1,0],"14":[4,0],"15":[4,0]}}
,"C:\\Users\\User\\Documents\\Web\\FSDSlider\\src\\Control\\controlHandleY.ts": {"path":"C:\\Users\\User\\Documents\\Web\\FSDSlider\\src\\Control\\controlHandleY.ts","statementMap":{"0":{"start":{"line":81,"column":10},"end":{"line":81,"column":43}},"1":{"start":{"line":29,"column":4},"end":{"line":29,"column":39}},"2":{"start":{"line":30,"column":4},"end":{"line":30,"column":36}},"3":{"start":{"line":32,"column":4},"end":{"line":32,"column":16}},"4":{"start":{"line":33,"column":4},"end":{"line":33,"column":54}},"5":{"start":{"line":34,"column":4},"end":{"line":34,"column":85}},"6":{"start":{"line":38,"column":4},"end":{"line":38,"column":48}},"7":{"start":{"line":40,"column":4},"end":{"line":40,"column":22}},"8":{"start":{"line":41,"column":4},"end":{"line":41,"column":26}},"9":{"start":{"line":43,"column":4},"end":{"line":43,"column":81}},"10":{"start":{"line":45,"column":4},"end":{"line":47,"column":7}},"11":{"start":{"line":46,"column":6},"end":{"line":46,"column":59}},"12":{"start":{"line":51,"column":4},"end":{"line":51,"column":61}},"13":{"start":{"line":52,"column":4},"end":{"line":52,"column":45}},"14":{"start":{"line":56,"column":4},"end":{"line":56,"column":48}},"15":{"start":{"line":60,"column":4},"end":{"line":60,"column":30}},"16":{"start":{"line":61,"column":4},"end":{"line":61,"column":54}},"17":{"start":{"line":62,"column":4},"end":{"line":62,"column":59}},"18":{"start":{"line":66,"column":4},"end":{"line":66,"column":66}},"19":{"start":{"line":67,"column":4},"end":{"line":67,"column":73}},"20":{"start":{"line":68,"column":4},"end":{"line":68,"column":52}},"21":{"start":{"line":69,"column":4},"end":{"line":78,"column":null}},"22":{"start":{"line":71,"column":6},"end":{"line":77,"column":null}},"23":{"start":{"line":72,"column":8},"end":{"line":72,"column":58}},"24":{"start":{"line":73,"column":8},"end":{"line":74,"column":62}},"25":{"start":{"line":75,"column":8},"end":{"line":75,"column":74}},"26":{"start":{"line":76,"column":8},"end":{"line":76,"column":22}},"27":{"start":{"line":85,"column":4},"end":{"line":94,"column":null}},"28":{"start":{"line":86,"column":6},"end":{"line":86,"column":54}},"29":{"start":{"line":87,"column":6},"end":{"line":87,"column":98}},"30":{"start":{"line":88,"column":6},"end":{"line":93,"column":null}},"31":{"start":{"line":89,"column":8},"end":{"line":89,"column":38}},"32":{"start":{"line":90,"column":8},"end":{"line":90,"column":58}},"33":{"start":{"line":92,"column":8},"end":{"line":92,"column":22}},"34":{"start":{"line":98,"column":4},"end":{"line":101,"column":null}},"35":{"start":{"line":99,"column":6},"end":{"line":99,"column":75}},"36":{"start":{"line":100,"column":6},"end":{"line":100,"column":75}},"37":{"start":{"line":105,"column":4},"end":{"line":108,"column":null}},"38":{"start":{"line":106,"column":6},"end":{"line":106,"column":75}},"39":{"start":{"line":107,"column":6},"end":{"line":107,"column":75}},"40":{"start":{"line":112,"column":4},"end":{"line":112,"column":40}},"41":{"start":{"line":116,"column":18},"end":{"line":116,"column":56}},"42":{"start":{"line":117,"column":4},"end":{"line":119,"column":null}},"43":{"start":{"line":118,"column":6},"end":{"line":118,"column":37}},"44":{"start":{"line":123,"column":4},"end":{"line":127,"column":null}},"45":{"start":{"line":124,"column":6},"end":{"line":126,"column":9}},"46":{"start":{"line":125,"column":8},"end":{"line":125,"column":53}},"47":{"start":{"line":128,"column":4},"end":{"line":128,"column":38}},"48":{"start":{"line":134,"column":4},"end":{"line":134,"column":26}},"49":{"start":{"line":138,"column":4},"end":{"line":138,"column":26}},"50":{"start":{"line":142,"column":4},"end":{"line":142,"column":33}},"51":{"start":{"line":146,"column":4},"end":{"line":146,"column":36}},"52":{"start":{"line":150,"column":51},"end":{"line":150,"column":53}},"53":{"start":{"line":151,"column":4},"end":{"line":153,"column":7}},"54":{"start":{"line":152,"column":6},"end":{"line":152,"column":27}},"55":{"start":{"line":154,"column":4},"end":{"line":154,"column":20}},"56":{"start":{"line":6,"column":0},"end":{"line":6,"column":21}}},"fnMap":{"0":{"name":"(anonymous_0)","decl":{"start":{"line":27,"column":2},"end":{"line":27,"column":14}},"loc":{"start":{"line":28,"column":54},"end":{"line":35,"column":3}}},"1":{"name":"(anonymous_1)","decl":{"start":{"line":37,"column":10},"end":{"line":37,"column":14}},"loc":{"start":{"line":37,"column":14},"end":{"line":48,"column":3}}},"2":{"name":"(anonymous_2)","decl":{"start":{"line":45,"column":41},"end":{"line":45,"column":44}},"loc":{"start":{"line":45,"column":46},"end":{"line":47,"column":5}}},"3":{"name":"(anonymous_3)","decl":{"start":{"line":50,"column":10},"end":{"line":50,"column":20}},"loc":{"start":{"line":50,"column":20},"end":{"line":53,"column":3}}},"4":{"name":"(anonymous_4)","decl":{"start":{"line":55,"column":10},"end":{"line":55,"column":24}},"loc":{"start":{"line":55,"column":24},"end":{"line":57,"column":3}}},"5":{"name":"(anonymous_5)","decl":{"start":{"line":59,"column":10},"end":{"line":59,"column":27}},"loc":{"start":{"line":59,"column":45},"end":{"line":63,"column":3}}},"6":{"name":"(anonymous_6)","decl":{"start":{"line":65,"column":10},"end":{"line":65,"column":19}},"loc":{"start":{"line":65,"column":37},"end":{"line":79,"column":3}}},"7":{"name":"(anonymous_7)","decl":{"start":{"line":84,"column":2},"end":{"line":84,"column":25}},"loc":{"start":{"line":84,"column":41},"end":{"line":95,"column":3}}},"8":{"name":"(anonymous_8)","decl":{"start":{"line":97,"column":2},"end":{"line":97,"column":14}},"loc":{"start":{"line":97,"column":32},"end":{"line":102,"column":3}}},"9":{"name":"(anonymous_9)","decl":{"start":{"line":104,"column":2},"end":{"line":104,"column":14}},"loc":{"start":{"line":104,"column":32},"end":{"line":109,"column":3}}},"10":{"name":"(anonymous_10)","decl":{"start":{"line":111,"column":2},"end":{"line":111,"column":13}},"loc":{"start":{"line":111,"column":57},"end":{"line":113,"column":3}}},"11":{"name":"(anonymous_11)","decl":{"start":{"line":115,"column":2},"end":{"line":115,"column":16}},"loc":{"start":{"line":115,"column":60},"end":{"line":120,"column":3}}},"12":{"name":"(anonymous_12)","decl":{"start":{"line":122,"column":2},"end":{"line":122,"column":8}},"loc":{"start":{"line":122,"column":8},"end":{"line":129,"column":3}}},"13":{"name":"(anonymous_13)","decl":{"start":{"line":124,"column":28},"end":{"line":124,"column":29}},"loc":{"start":{"line":124,"column":35},"end":{"line":126,"column":7}}},"14":{"name":"(anonymous_14)","decl":{"start":{"line":133,"column":2},"end":{"line":133,"column":14}},"loc":{"start":{"line":133,"column":14},"end":{"line":135,"column":3}}},"15":{"name":"(anonymous_15)","decl":{"start":{"line":137,"column":2},"end":{"line":137,"column":14}},"loc":{"start":{"line":137,"column":14},"end":{"line":139,"column":3}}},"16":{"name":"(anonymous_16)","decl":{"start":{"line":141,"column":2},"end":{"line":141,"column":19}},"loc":{"start":{"line":141,"column":19},"end":{"line":143,"column":3}}},"17":{"name":"(anonymous_17)","decl":{"start":{"line":145,"column":2},"end":{"line":145,"column":23}},"loc":{"start":{"line":145,"column":23},"end":{"line":147,"column":3}}},"18":{"name":"(anonymous_18)","decl":{"start":{"line":149,"column":2},"end":{"line":149,"column":13}},"loc":{"start":{"line":149,"column":13},"end":{"line":155,"column":3}}},"19":{"name":"(anonymous_19)","decl":{"start":{"line":151,"column":26},"end":{"line":151,"column":27}},"loc":{"start":{"line":151,"column":40},"end":{"line":153,"column":5}}}},"branchMap":{"0":{"loc":{"start":{"line":28,"column":52},"end":{"line":28,"column":54}},"type":"default-arg","locations":[{"start":{"line":28,"column":52},"end":{"line":28,"column":54}}]},"1":{"loc":{"start":{"line":69,"column":4},"end":{"line":78,"column":null}},"type":"if","locations":[{"start":{"line":69,"column":4},"end":{"line":78,"column":null}},{"start":{"line":69,"column":4},"end":{"line":78,"column":null}}]},"2":{"loc":{"start":{"line":69,"column":8},"end":{"line":69,"column":74}},"type":"binary-expr","locations":[{"start":{"line":69,"column":8},"end":{"line":69,"column":74}},{"start":{"line":70,"column":9},"end":{"line":70,"column":63}}]},"3":{"loc":{"start":{"line":71,"column":6},"end":{"line":77,"column":null}},"type":"if","locations":[{"start":{"line":71,"column":6},"end":{"line":77,"column":null}},{"start":{"line":71,"column":6},"end":{"line":77,"column":null}}]},"4":{"loc":{"start":{"line":71,"column":10},"end":{"line":71,"column":46}},"type":"binary-expr","locations":[{"start":{"line":71,"column":10},"end":{"line":71,"column":46}},{"start":{"line":71,"column":50},"end":{"line":71,"column":86}}]},"5":{"loc":{"start":{"line":85,"column":4},"end":{"line":94,"column":null}},"type":"if","locations":[{"start":{"line":85,"column":4},"end":{"line":94,"column":null}},{"start":{"line":85,"column":4},"end":{"line":94,"column":null}}]},"6":{"loc":{"start":{"line":85,"column":8},"end":{"line":85,"column":22}},"type":"binary-expr","locations":[{"start":{"line":85,"column":8},"end":{"line":85,"column":22}},{"start":{"line":85,"column":26},"end":{"line":85,"column":38}}]},"7":{"loc":{"start":{"line":88,"column":6},"end":{"line":93,"column":null}},"type":"if","locations":[{"start":{"line":88,"column":6},"end":{"line":93,"column":null}},{"start":{"line":88,"column":6},"end":{"line":93,"column":null}}]},"8":{"loc":{"start":{"line":88,"column":10},"end":{"line":88,"column":46}},"type":"binary-expr","locations":[{"start":{"line":88,"column":10},"end":{"line":88,"column":46}},{"start":{"line":88,"column":50},"end":{"line":88,"column":86}}]},"9":{"loc":{"start":{"line":98,"column":4},"end":{"line":101,"column":null}},"type":"if","locations":[{"start":{"line":98,"column":4},"end":{"line":101,"column":null}},{"start":{"line":98,"column":4},"end":{"line":101,"column":null}}]},"10":{"loc":{"start":{"line":98,"column":8},"end":{"line":98,"column":24}},"type":"binary-expr","locations":[{"start":{"line":98,"column":8},"end":{"line":98,"column":24}},{"start":{"line":98,"column":28},"end":{"line":98,"column":42}}]},"11":{"loc":{"start":{"line":105,"column":4},"end":{"line":108,"column":null}},"type":"if","locations":[{"start":{"line":105,"column":4},"end":{"line":108,"column":null}},{"start":{"line":105,"column":4},"end":{"line":108,"column":null}}]},"12":{"loc":{"start":{"line":105,"column":8},"end":{"line":105,"column":24}},"type":"binary-expr","locations":[{"start":{"line":105,"column":8},"end":{"line":105,"column":24}},{"start":{"line":105,"column":28},"end":{"line":105,"column":42}}]},"13":{"loc":{"start":{"line":117,"column":4},"end":{"line":119,"column":null}},"type":"if","locations":[{"start":{"line":117,"column":4},"end":{"line":119,"column":null}},{"start":{"line":117,"column":4},"end":{"line":119,"column":null}}]},"14":{"loc":{"start":{"line":123,"column":4},"end":{"line":127,"column":null}},"type":"if","locations":[{"start":{"line":123,"column":4},"end":{"line":127,"column":null}},{"start":{"line":123,"column":4},"end":{"line":127,"column":null}}]},"15":{"loc":{"start":{"line":123,"column":8},"end":{"line":123,"column":30}},"type":"binary-expr","locations":[{"start":{"line":123,"column":8},"end":{"line":123,"column":30}},{"start":{"line":123,"column":34},"end":{"line":123,"column":61}}]}},"s":{"0":1,"1":1,"2":1,"3":1,"4":1,"5":1,"6":1,"7":1,"8":1,"9":1,"10":1,"11":0,"12":1,"13":1,"14":1,"15":0,"16":0,"17":0,"18":0,"19":0,"20":0,"21":0,"22":0,"23":0,"24":0,"25":0,"26":0,"27":7,"28":5,"29":5,"30":5,"31":4,"32":4,"33":4,"34":6,"35":4,"36":4,"37":6,"38":4,"39":4,"40":4,"41":1,"42":1,"43":1,"44":4,"45":4,"46":0,"47":4,"48":6,"49":6,"50":6,"51":0,"52":3,"53":3,"54":8,"55":3,"56":1},"f":{"0":1,"1":1,"2":0,"3":1,"4":1,"5":0,"6":0,"7":7,"8":6,"9":6,"10":4,"11":1,"12":4,"13":0,"14":6,"15":6,"16":6,"17":0,"18":3,"19":8},"b":{"0":[1],"1":[0,0],"2":[0,0],"3":[0,0],"4":[0,0],"5":[5,2],"6":[7,6],"7":[4,1],"8":[5,5],"9":[4,2],"10":[6,5],"11":[4,2],"12":[6,5],"13":[1,0],"14":[4,0],"15":[4,0]}}
,"C:\\Users\\User\\Documents\\Web\\FSDSlider\\src\\Control\\controlMaxMargin.ts": {"path":"C:\\Users\\User\\Documents\\Web\\FSDSlider\\src\\Control\\controlMaxMargin.ts","statementMap":{"0":{"start":{"line":6,"column":4},"end":{"line":6,"column":29}},"1":{"start":{"line":12,"column":4},"end":{"line":16,"column":null}},"2":{"start":{"line":13,"column":6},"end":{"line":15,"column":9}},"3":{"start":{"line":14,"column":8},"end":{"line":14,"column":43}},"4":{"start":{"line":20,"column":4},"end":{"line":20,"column":33}},"5":{"start":{"line":24,"column":18},"end":{"line":24,"column":49}},"6":{"start":{"line":25,"column":4},"end":{"line":27,"column":null}},"7":{"start":{"line":26,"column":6},"end":{"line":26,"column":37}},"8":{"start":{"line":35,"column":36},"end":{"line":35,"column":38}},"9":{"start":{"line":36,"column":4},"end":{"line":38,"column":7}},"10":{"start":{"line":37,"column":6},"end":{"line":37,"column":27}},"11":{"start":{"line":39,"column":4},"end":{"line":39,"column":20}},"12":{"start":{"line":4,"column":0},"end":{"line":4,"column":21}}},"fnMap":{"0":{"name":"(anonymous_0)","decl":{"start":{"line":5,"column":2},"end":{"line":5,"column":14}},"loc":{"start":{"line":5,"column":44},"end":{"line":7,"column":3}}},"1":{"name":"(anonymous_1)","decl":{"start":{"line":11,"column":2},"end":{"line":11,"column":22}},"loc":{"start":{"line":11,"column":48},"end":{"line":17,"column":3}}},"2":{"name":"(anonymous_2)","decl":{"start":{"line":13,"column":28},"end":{"line":13,"column":29}},"loc":{"start":{"line":13,"column":35},"end":{"line":15,"column":7}}},"3":{"name":"(anonymous_3)","decl":{"start":{"line":19,"column":2},"end":{"line":19,"column":22}},"loc":{"start":{"line":19,"column":44},"end":{"line":21,"column":3}}},"4":{"name":"(anonymous_4)","decl":{"start":{"line":23,"column":2},"end":{"line":23,"column":25}},"loc":{"start":{"line":23,"column":47},"end":{"line":28,"column":3}}},"5":{"name":"(anonymous_5)","decl":{"start":{"line":34,"column":2},"end":{"line":34,"column":13}},"loc":{"start":{"line":34,"column":13},"end":{"line":40,"column":3}}},"6":{"name":"(anonymous_6)","decl":{"start":{"line":36,"column":26},"end":{"line":36,"column":27}},"loc":{"start":{"line":36,"column":40},"end":{"line":38,"column":5}}}},"branchMap":{"0":{"loc":{"start":{"line":5,"column":40},"end":{"line":5,"column":44}},"type":"default-arg","locations":[{"start":{"line":5,"column":40},"end":{"line":5,"column":44}}]},"1":{"loc":{"start":{"line":12,"column":4},"end":{"line":16,"column":null}},"type":"if","locations":[{"start":{"line":12,"column":4},"end":{"line":16,"column":null}},{"start":{"line":12,"column":4},"end":{"line":16,"column":null}}]},"2":{"loc":{"start":{"line":25,"column":4},"end":{"line":27,"column":null}},"type":"if","locations":[{"start":{"line":25,"column":4},"end":{"line":27,"column":null}},{"start":{"line":25,"column":4},"end":{"line":27,"column":null}}]}},"s":{"0":1,"1":1,"2":1,"3":2,"4":2,"5":2,"6":2,"7":1,"8":2,"9":2,"10":5,"11":2,"12":1},"f":{"0":1,"1":1,"2":2,"3":2,"4":2,"5":2,"6":5},"b":{"0":[0],"1":[1,0],"2":[1,1]}}
,"C:\\Users\\User\\Documents\\Web\\FSDSlider\\src\\Control\\controlMinMargin.ts": {"path":"C:\\Users\\User\\Documents\\Web\\FSDSlider\\src\\Control\\controlMinMargin.ts","statementMap":{"0":{"start":{"line":6,"column":4},"end":{"line":6,"column":29}},"1":{"start":{"line":12,"column":4},"end":{"line":16,"column":null}},"2":{"start":{"line":13,"column":6},"end":{"line":15,"column":9}},"3":{"start":{"line":14,"column":8},"end":{"line":14,"column":43}},"4":{"start":{"line":20,"column":4},"end":{"line":20,"column":33}},"5":{"start":{"line":24,"column":18},"end":{"line":24,"column":49}},"6":{"start":{"line":25,"column":4},"end":{"line":27,"column":null}},"7":{"start":{"line":26,"column":6},"end":{"line":26,"column":37}},"8":{"start":{"line":35,"column":36},"end":{"line":35,"column":38}},"9":{"start":{"line":36,"column":4},"end":{"line":38,"column":7}},"10":{"start":{"line":37,"column":6},"end":{"line":37,"column":27}},"11":{"start":{"line":39,"column":4},"end":{"line":39,"column":20}},"12":{"start":{"line":4,"column":0},"end":{"line":4,"column":21}}},"fnMap":{"0":{"name":"(anonymous_0)","decl":{"start":{"line":5,"column":2},"end":{"line":5,"column":14}},"loc":{"start":{"line":5,"column":44},"end":{"line":7,"column":3}}},"1":{"name":"(anonymous_1)","decl":{"start":{"line":11,"column":2},"end":{"line":11,"column":22}},"loc":{"start":{"line":11,"column":48},"end":{"line":17,"column":3}}},"2":{"name":"(anonymous_2)","decl":{"start":{"line":13,"column":28},"end":{"line":13,"column":29}},"loc":{"start":{"line":13,"column":35},"end":{"line":15,"column":7}}},"3":{"name":"(anonymous_3)","decl":{"start":{"line":19,"column":2},"end":{"line":19,"column":22}},"loc":{"start":{"line":19,"column":44},"end":{"line":21,"column":3}}},"4":{"name":"(anonymous_4)","decl":{"start":{"line":23,"column":2},"end":{"line":23,"column":25}},"loc":{"start":{"line":23,"column":47},"end":{"line":28,"column":3}}},"5":{"name":"(anonymous_5)","decl":{"start":{"line":34,"column":2},"end":{"line":34,"column":13}},"loc":{"start":{"line":34,"column":13},"end":{"line":40,"column":3}}},"6":{"name":"(anonymous_6)","decl":{"start":{"line":36,"column":26},"end":{"line":36,"column":27}},"loc":{"start":{"line":36,"column":40},"end":{"line":38,"column":5}}}},"branchMap":{"0":{"loc":{"start":{"line":5,"column":40},"end":{"line":5,"column":44}},"type":"default-arg","locations":[{"start":{"line":5,"column":40},"end":{"line":5,"column":44}}]},"1":{"loc":{"start":{"line":12,"column":4},"end":{"line":16,"column":null}},"type":"if","locations":[{"start":{"line":12,"column":4},"end":{"line":16,"column":null}},{"start":{"line":12,"column":4},"end":{"line":16,"column":null}}]},"2":{"loc":{"start":{"line":25,"column":4},"end":{"line":27,"column":null}},"type":"if","locations":[{"start":{"line":25,"column":4},"end":{"line":27,"column":null}},{"start":{"line":25,"column":4},"end":{"line":27,"column":null}}]}},"s":{"0":1,"1":1,"2":1,"3":2,"4":2,"5":2,"6":2,"7":1,"8":2,"9":2,"10":5,"11":2,"12":1},"f":{"0":1,"1":1,"2":2,"3":2,"4":2,"5":2,"6":5},"b":{"0":[0],"1":[1,0],"2":[1,1]}}
,"C:\\Users\\User\\Documents\\Web\\FSDSlider\\src\\Control\\progressFirst.ts": {"path":"C:\\Users\\User\\Documents\\Web\\FSDSlider\\src\\Control\\progressFirst.ts","statementMap":{"0":{"start":{"line":6,"column":4},"end":{"line":6,"column":39}},"1":{"start":{"line":7,"column":4},"end":{"line":7,"column":35}},"2":{"start":{"line":8,"column":4},"end":{"line":8,"column":23}},"3":{"start":{"line":9,"column":4},"end":{"line":9,"column":16}},"4":{"start":{"line":21,"column":4},"end":{"line":21,"column":57}},"5":{"start":{"line":23,"column":4},"end":{"line":31,"column":null}},"6":{"start":{"line":24,"column":6},"end":{"line":28,"column":null}},"7":{"start":{"line":25,"column":8},"end":{"line":25,"column":83}},"8":{"start":{"line":27,"column":8},"end":{"line":27,"column":87}},"9":{"start":{"line":30,"column":6},"end":{"line":30,"column":90}},"10":{"start":{"line":33,"column":4},"end":{"line":33,"column":57}},"11":{"start":{"line":37,"column":4},"end":{"line":43,"column":null}},"12":{"start":{"line":38,"column":6},"end":{"line":42,"column":null}},"13":{"start":{"line":39,"column":8},"end":{"line":39,"column":112}},"14":{"start":{"line":41,"column":8},"end":{"line":41,"column":122}},"15":{"start":{"line":49,"column":4},"end":{"line":51,"column":null}},"16":{"start":{"line":50,"column":6},"end":{"line":50,"column":49}},"17":{"start":{"line":52,"column":4},"end":{"line":52,"column":48}},"18":{"start":{"line":4,"column":0},"end":{"line":4,"column":21}}},"fnMap":{"0":{"name":"(anonymous_0)","decl":{"start":{"line":5,"column":2},"end":{"line":5,"column":14}},"loc":{"start":{"line":5,"column":92},"end":{"line":10,"column":3}}},"1":{"name":"(anonymous_1)","decl":{"start":{"line":20,"column":10},"end":{"line":20,"column":14}},"loc":{"start":{"line":20,"column":14},"end":{"line":34,"column":3}}},"2":{"name":"(anonymous_2)","decl":{"start":{"line":36,"column":2},"end":{"line":36,"column":22}},"loc":{"start":{"line":36,"column":48},"end":{"line":44,"column":3}}},"3":{"name":"(anonymous_3)","decl":{"start":{"line":48,"column":2},"end":{"line":48,"column":18}},"loc":{"start":{"line":48,"column":18},"end":{"line":53,"column":3}}}},"branchMap":{"0":{"loc":{"start":{"line":5,"column":65},"end":{"line":5,"column":69}},"type":"default-arg","locations":[{"start":{"line":5,"column":65},"end":{"line":5,"column":69}}]},"1":{"loc":{"start":{"line":5,"column":88},"end":{"line":5,"column":92}},"type":"default-arg","locations":[{"start":{"line":5,"column":88},"end":{"line":5,"column":92}}]},"2":{"loc":{"start":{"line":23,"column":4},"end":{"line":31,"column":null}},"type":"if","locations":[{"start":{"line":23,"column":4},"end":{"line":31,"column":null}},{"start":{"line":23,"column":4},"end":{"line":31,"column":null}}]},"3":{"loc":{"start":{"line":24,"column":6},"end":{"line":28,"column":null}},"type":"if","locations":[{"start":{"line":24,"column":6},"end":{"line":28,"column":null}},{"start":{"line":24,"column":6},"end":{"line":28,"column":null}}]},"4":{"loc":{"start":{"line":37,"column":4},"end":{"line":43,"column":null}},"type":"if","locations":[{"start":{"line":37,"column":4},"end":{"line":43,"column":null}},{"start":{"line":37,"column":4},"end":{"line":43,"column":null}}]},"5":{"loc":{"start":{"line":37,"column":8},"end":{"line":37,"column":32}},"type":"binary-expr","locations":[{"start":{"line":37,"column":8},"end":{"line":37,"column":32}},{"start":{"line":37,"column":36},"end":{"line":37,"column":58}}]},"6":{"loc":{"start":{"line":38,"column":6},"end":{"line":42,"column":null}},"type":"if","locations":[{"start":{"line":38,"column":6},"end":{"line":42,"column":null}},{"start":{"line":38,"column":6},"end":{"line":42,"column":null}}]},"7":{"loc":{"start":{"line":49,"column":4},"end":{"line":51,"column":null}},"type":"if","locations":[{"start":{"line":49,"column":4},"end":{"line":51,"column":null}},{"start":{"line":49,"column":4},"end":{"line":51,"column":null}}]}},"s":{"0":2,"1":2,"2":2,"3":2,"4":2,"5":2,"6":1,"7":1,"8":0,"9":1,"10":2,"11":12,"12":8,"13":4,"14":4,"15":12,"16":6,"17":6,"18":1},"f":{"0":2,"1":2,"2":12,"3":12},"b":{"0":[1],"1":[2],"2":[1,1],"3":[1,0],"4":[8,4],"5":[12,10],"6":[4,4],"7":[6,6]}}
,"C:\\Users\\User\\Documents\\Web\\FSDSlider\\src\\Control\\progressLast.ts": {"path":"C:\\Users\\User\\Documents\\Web\\FSDSlider\\src\\Control\\progressLast.ts","statementMap":{"0":{"start":{"line":6,"column":4},"end":{"line":6,"column":39}},"1":{"start":{"line":7,"column":4},"end":{"line":7,"column":35}},"2":{"start":{"line":8,"column":4},"end":{"line":8,"column":23}},"3":{"start":{"line":9,"column":4},"end":{"line":9,"column":16}},"4":{"start":{"line":23,"column":4},"end":{"line":23,"column":57}},"5":{"start":{"line":25,"column":4},"end":{"line":31,"column":null}},"6":{"start":{"line":26,"column":6},"end":{"line":26,"column":80}},"7":{"start":{"line":27,"column":11},"end":{"line":31,"column":null}},"8":{"start":{"line":28,"column":6},"end":{"line":28,"column":102}},"9":{"start":{"line":30,"column":6},"end":{"line":30,"column":98}},"10":{"start":{"line":32,"column":4},"end":{"line":32,"column":57}},"11":{"start":{"line":36,"column":4},"end":{"line":46,"column":null}},"12":{"start":{"line":37,"column":6},"end":{"line":45,"column":null}},"13":{"start":{"line":38,"column":8},"end":{"line":38,"column":73}},"14":{"start":{"line":39,"column":8},"end":{"line":39,"column":71}},"15":{"start":{"line":40,"column":8},"end":{"line":40,"column":64}},"16":{"start":{"line":42,"column":8},"end":{"line":42,"column":82}},"17":{"start":{"line":43,"column":8},"end":{"line":43,"column":72}},"18":{"start":{"line":44,"column":8},"end":{"line":44,"column":65}},"19":{"start":{"line":53,"column":4},"end":{"line":55,"column":null}},"20":{"start":{"line":54,"column":6},"end":{"line":54,"column":49}},"21":{"start":{"line":56,"column":4},"end":{"line":56,"column":48}},"22":{"start":{"line":4,"column":0},"end":{"line":4,"column":21}}},"fnMap":{"0":{"name":"(anonymous_0)","decl":{"start":{"line":5,"column":2},"end":{"line":5,"column":14}},"loc":{"start":{"line":5,"column":92},"end":{"line":10,"column":3}}},"1":{"name":"(anonymous_1)","decl":{"start":{"line":22,"column":10},"end":{"line":22,"column":14}},"loc":{"start":{"line":22,"column":14},"end":{"line":33,"column":3}}},"2":{"name":"(anonymous_2)","decl":{"start":{"line":35,"column":2},"end":{"line":35,"column":22}},"loc":{"start":{"line":35,"column":48},"end":{"line":47,"column":3}}},"3":{"name":"(anonymous_3)","decl":{"start":{"line":52,"column":2},"end":{"line":52,"column":18}},"loc":{"start":{"line":52,"column":18},"end":{"line":57,"column":3}}}},"branchMap":{"0":{"loc":{"start":{"line":5,"column":65},"end":{"line":5,"column":69}},"type":"default-arg","locations":[{"start":{"line":5,"column":65},"end":{"line":5,"column":69}}]},"1":{"loc":{"start":{"line":5,"column":88},"end":{"line":5,"column":92}},"type":"default-arg","locations":[{"start":{"line":5,"column":88},"end":{"line":5,"column":92}}]},"2":{"loc":{"start":{"line":25,"column":4},"end":{"line":31,"column":null}},"type":"if","locations":[{"start":{"line":25,"column":4},"end":{"line":31,"column":null}},{"start":{"line":25,"column":4},"end":{"line":31,"column":null}}]},"3":{"loc":{"start":{"line":27,"column":11},"end":{"line":31,"column":null}},"type":"if","locations":[{"start":{"line":27,"column":11},"end":{"line":31,"column":null}},{"start":{"line":27,"column":11},"end":{"line":31,"column":null}}]},"4":{"loc":{"start":{"line":36,"column":4},"end":{"line":46,"column":null}},"type":"if","locations":[{"start":{"line":36,"column":4},"end":{"line":46,"column":null}},{"start":{"line":36,"column":4},"end":{"line":46,"column":null}}]},"5":{"loc":{"start":{"line":36,"column":8},"end":{"line":36,"column":32}},"type":"binary-expr","locations":[{"start":{"line":36,"column":8},"end":{"line":36,"column":32}},{"start":{"line":36,"column":36},"end":{"line":36,"column":58}}]},"6":{"loc":{"start":{"line":37,"column":6},"end":{"line":45,"column":null}},"type":"if","locations":[{"start":{"line":37,"column":6},"end":{"line":45,"column":null}},{"start":{"line":37,"column":6},"end":{"line":45,"column":null}}]},"7":{"loc":{"start":{"line":53,"column":4},"end":{"line":55,"column":null}},"type":"if","locations":[{"start":{"line":53,"column":4},"end":{"line":55,"column":null}},{"start":{"line":53,"column":4},"end":{"line":55,"column":null}}]}},"s":{"0":2,"1":2,"2":2,"3":2,"4":2,"5":2,"6":1,"7":1,"8":1,"9":0,"10":2,"11":12,"12":8,"13":4,"14":4,"15":4,"16":4,"17":4,"18":4,"19":12,"20":6,"21":6,"22":1},"f":{"0":2,"1":2,"2":12,"3":12},"b":{"0":[1],"1":[2],"2":[1,1],"3":[1,0],"4":[8,4],"5":[12,10],"6":[4,4],"7":[6,6]}}
,"C:\\Users\\User\\Documents\\Web\\FSDSlider\\src\\Model\\model.ts": {"path":"C:\\Users\\User\\Documents\\Web\\FSDSlider\\src\\Model\\model.ts","statementMap":{"0":{"start":{"line":42,"column":4},"end":{"line":42,"column":29}},"1":{"start":{"line":43,"column":4},"end":{"line":43,"column":29}},"2":{"start":{"line":44,"column":4},"end":{"line":44,"column":18}},"3":{"start":{"line":45,"column":4},"end":{"line":45,"column":56}},"4":{"start":{"line":46,"column":4},"end":{"line":46,"column":29}},"5":{"start":{"line":47,"column":4},"end":{"line":47,"column":26}},"6":{"start":{"line":48,"column":4},"end":{"line":48,"column":16}},"7":{"start":{"line":53,"column":28},"end":{"line":53,"column":68}},"8":{"start":{"line":54,"column":24},"end":{"line":54,"column":68}},"9":{"start":{"line":55,"column":4},"end":{"line":56,"column":45}},"10":{"start":{"line":55,"column":54},"end":{"line":55,"column":94}},"11":{"start":{"line":56,"column":9},"end":{"line":56,"column":45}},"12":{"start":{"line":61,"column":4},"end":{"line":74,"column":null}},"13":{"start":{"line":63,"column":24},"end":{"line":63,"column":85}},"14":{"start":{"line":66,"column":6},"end":{"line":72,"column":null}},"15":{"start":{"line":67,"column":8},"end":{"line":67,"column":52}},"16":{"start":{"line":68,"column":8},"end":{"line":68,"column":55}},"17":{"start":{"line":70,"column":8},"end":{"line":70,"column":36}},"18":{"start":{"line":71,"column":8},"end":{"line":71,"column":55}},"19":{"start":{"line":73,"column":6},"end":{"line":73,"column":20}},"20":{"start":{"line":78,"column":4},"end":{"line":78,"column":38}},"21":{"start":{"line":82,"column":18},"end":{"line":82,"column":54}},"22":{"start":{"line":83,"column":4},"end":{"line":85,"column":null}},"23":{"start":{"line":84,"column":6},"end":{"line":84,"column":37}},"24":{"start":{"line":89,"column":4},"end":{"line":93,"column":null}},"25":{"start":{"line":90,"column":6},"end":{"line":92,"column":9}},"26":{"start":{"line":91,"column":8},"end":{"line":91,"column":38}},"27":{"start":{"line":102,"column":18},"end":{"line":102,"column":22}},"28":{"start":{"line":103,"column":4},"end":{"line":105,"column":null}},"29":{"start":{"line":104,"column":6},"end":{"line":104,"column":74}},"30":{"start":{"line":106,"column":4},"end":{"line":106,"column":19}},"31":{"start":{"line":110,"column":4},"end":{"line":112,"column":null}},"32":{"start":{"line":111,"column":6},"end":{"line":111,"column":23}},"33":{"start":{"line":116,"column":4},"end":{"line":119,"column":null}},"34":{"start":{"line":117,"column":6},"end":{"line":117,"column":31}},"35":{"start":{"line":118,"column":6},"end":{"line":118,"column":null}},"36":{"start":{"line":123,"column":4},"end":{"line":126,"column":null}},"37":{"start":{"line":124,"column":6},"end":{"line":124,"column":31}},"38":{"start":{"line":125,"column":6},"end":{"line":125,"column":null}},"39":{"start":{"line":130,"column":4},"end":{"line":130,"column":28}},"40":{"start":{"line":138,"column":37},"end":{"line":138,"column":39}},"41":{"start":{"line":139,"column":4},"end":{"line":141,"column":7}},"42":{"start":{"line":140,"column":6},"end":{"line":140,"column":27}},"43":{"start":{"line":142,"column":4},"end":{"line":142,"column":20}},"44":{"start":{"line":22,"column":0},"end":{"line":22,"column":13}}},"fnMap":{"0":{"name":"(anonymous_0)","decl":{"start":{"line":40,"column":2},"end":{"line":40,"column":14}},"loc":{"start":{"line":41,"column":35},"end":{"line":49,"column":3}}},"1":{"name":"(anonymous_1)","decl":{"start":{"line":52,"column":10},"end":{"line":52,"column":14}},"loc":{"start":{"line":52,"column":14},"end":{"line":57,"column":3}}},"2":{"name":"(anonymous_2)","decl":{"start":{"line":60,"column":2},"end":{"line":60,"column":22}},"loc":{"start":{"line":60,"column":38},"end":{"line":75,"column":3}}},"3":{"name":"(anonymous_3)","decl":{"start":{"line":77,"column":2},"end":{"line":77,"column":13}},"loc":{"start":{"line":77,"column":43},"end":{"line":79,"column":3}}},"4":{"name":"(anonymous_4)","decl":{"start":{"line":81,"column":2},"end":{"line":81,"column":16}},"loc":{"start":{"line":81,"column":46},"end":{"line":86,"column":3}}},"5":{"name":"(anonymous_5)","decl":{"start":{"line":88,"column":2},"end":{"line":88,"column":8}},"loc":{"start":{"line":88,"column":8},"end":{"line":95,"column":3}}},"6":{"name":"(anonymous_6)","decl":{"start":{"line":90,"column":28},"end":{"line":90,"column":29}},"loc":{"start":{"line":90,"column":35},"end":{"line":92,"column":7}}},"7":{"name":"(anonymous_7)","decl":{"start":{"line":101,"column":2},"end":{"line":101,"column":16}},"loc":{"start":{"line":101,"column":36},"end":{"line":107,"column":3}}},"8":{"name":"(anonymous_8)","decl":{"start":{"line":109,"column":2},"end":{"line":109,"column":9}},"loc":{"start":{"line":109,"column":22},"end":{"line":113,"column":3}}},"9":{"name":"(anonymous_9)","decl":{"start":{"line":115,"column":2},"end":{"line":115,"column":13}},"loc":{"start":{"line":115,"column":30},"end":{"line":120,"column":3}}},"10":{"name":"(anonymous_10)","decl":{"start":{"line":122,"column":2},"end":{"line":122,"column":13}},"loc":{"start":{"line":122,"column":30},"end":{"line":127,"column":3}}},"11":{"name":"(anonymous_11)","decl":{"start":{"line":129,"column":2},"end":{"line":129,"column":16}},"loc":{"start":{"line":129,"column":16},"end":{"line":131,"column":3}}},"12":{"name":"(anonymous_12)","decl":{"start":{"line":137,"column":2},"end":{"line":137,"column":13}},"loc":{"start":{"line":137,"column":13},"end":{"line":143,"column":3}}},"13":{"name":"(anonymous_13)","decl":{"start":{"line":139,"column":26},"end":{"line":139,"column":27}},"loc":{"start":{"line":139,"column":40},"end":{"line":141,"column":5}}}},"branchMap":{"0":{"loc":{"start":{"line":41,"column":33},"end":{"line":41,"column":35}},"type":"default-arg","locations":[{"start":{"line":41,"column":33},"end":{"line":41,"column":35}}]},"1":{"loc":{"start":{"line":53,"column":28},"end":{"line":53,"column":62}},"type":"binary-expr","locations":[{"start":{"line":53,"column":28},"end":{"line":53,"column":62}},{"start":{"line":53,"column":66},"end":{"line":53,"column":68}}]},"2":{"loc":{"start":{"line":54,"column":24},"end":{"line":54,"column":62}},"type":"binary-expr","locations":[{"start":{"line":54,"column":24},"end":{"line":54,"column":62}},{"start":{"line":54,"column":66},"end":{"line":54,"column":68}}]},"3":{"loc":{"start":{"line":55,"column":4},"end":{"line":56,"column":45}},"type":"if","locations":[{"start":{"line":55,"column":4},"end":{"line":56,"column":45}},{"start":{"line":55,"column":4},"end":{"line":56,"column":45}}]},"4":{"loc":{"start":{"line":61,"column":4},"end":{"line":74,"column":null}},"type":"if","locations":[{"start":{"line":61,"column":4},"end":{"line":74,"column":null}},{"start":{"line":61,"column":4},"end":{"line":74,"column":null}}]},"5":{"loc":{"start":{"line":61,"column":8},"end":{"line":61,"column":22}},"type":"binary-expr","locations":[{"start":{"line":61,"column":8},"end":{"line":61,"column":22}},{"start":{"line":61,"column":26},"end":{"line":61,"column":38}}]},"6":{"loc":{"start":{"line":66,"column":6},"end":{"line":72,"column":null}},"type":"if","locations":[{"start":{"line":66,"column":6},"end":{"line":72,"column":null}},{"start":{"line":66,"column":6},"end":{"line":72,"column":null}}]},"7":{"loc":{"start":{"line":83,"column":4},"end":{"line":85,"column":null}},"type":"if","locations":[{"start":{"line":83,"column":4},"end":{"line":85,"column":null}},{"start":{"line":83,"column":4},"end":{"line":85,"column":null}}]},"8":{"loc":{"start":{"line":89,"column":4},"end":{"line":93,"column":null}},"type":"if","locations":[{"start":{"line":89,"column":4},"end":{"line":93,"column":null}},{"start":{"line":89,"column":4},"end":{"line":93,"column":null}}]},"9":{"loc":{"start":{"line":89,"column":8},"end":{"line":89,"column":30}},"type":"binary-expr","locations":[{"start":{"line":89,"column":8},"end":{"line":89,"column":30}},{"start":{"line":89,"column":34},"end":{"line":89,"column":61}}]},"10":{"loc":{"start":{"line":103,"column":4},"end":{"line":105,"column":null}},"type":"if","locations":[{"start":{"line":103,"column":4},"end":{"line":105,"column":null}},{"start":{"line":103,"column":4},"end":{"line":105,"column":null}}]},"11":{"loc":{"start":{"line":103,"column":8},"end":{"line":103,"column":36}},"type":"binary-expr","locations":[{"start":{"line":103,"column":8},"end":{"line":103,"column":36}},{"start":{"line":103,"column":40},"end":{"line":103,"column":68}}]},"12":{"loc":{"start":{"line":110,"column":4},"end":{"line":112,"column":null}},"type":"if","locations":[{"start":{"line":110,"column":4},"end":{"line":112,"column":null}},{"start":{"line":110,"column":4},"end":{"line":112,"column":null}}]},"13":{"loc":{"start":{"line":110,"column":8},"end":{"line":110,"column":29}},"type":"binary-expr","locations":[{"start":{"line":110,"column":8},"end":{"line":110,"column":29}},{"start":{"line":110,"column":33},"end":{"line":110,"column":54}}]},"14":{"loc":{"start":{"line":116,"column":4},"end":{"line":119,"column":null}},"type":"if","locations":[{"start":{"line":116,"column":4},"end":{"line":119,"column":null}},{"start":{"line":116,"column":4},"end":{"line":119,"column":null}}]},"15":{"loc":{"start":{"line":123,"column":4},"end":{"line":126,"column":null}},"type":"if","locations":[{"start":{"line":123,"column":4},"end":{"line":126,"column":null}},{"start":{"line":123,"column":4},"end":{"line":126,"column":null}}]}},"s":{"0":1,"1":1,"2":1,"3":1,"4":1,"5":1,"6":1,"7":1,"8":1,"9":1,"10":1,"11":0,"12":6,"13":4,"14":4,"15":0,"16":0,"17":4,"18":4,"19":4,"20":3,"21":1,"22":1,"23":1,"24":4,"25":4,"26":0,"27":6,"28":6,"29":4,"30":6,"31":0,"32":0,"33":0,"34":0,"35":0,"36":0,"37":0,"38":0,"39":6,"40":2,"41":2,"42":5,"43":2,"44":1},"f":{"0":1,"1":1,"2":6,"3":3,"4":1,"5":4,"6":0,"7":6,"8":0,"9":0,"10":0,"11":6,"12":2,"13":5},"b":{"0":[1],"1":[1,1],"2":[1,1],"3":[1,0],"4":[4,2],"5":[6,5],"6":[0,4],"7":[1,0],"8":[4,0],"9":[4,0],"10":[4,2],"11":[6,5],"12":[0,0],"13":[0,0],"14":[0,0],"15":[0,0]}}
,"C:\\Users\\User\\Documents\\Web\\FSDSlider\\src\\View\\view.ts": {"path":"C:\\Users\\User\\Documents\\Web\\FSDSlider\\src\\View\\view.ts","statementMap":{"0":{"start":{"line":21,"column":4},"end":{"line":21,"column":35}},"1":{"start":{"line":22,"column":4},"end":{"line":22,"column":39}},"2":{"start":{"line":23,"column":4},"end":{"line":23,"column":16}},"3":{"start":{"line":28,"column":4},"end":{"line":28,"column":60}},"4":{"start":{"line":29,"column":4},"end":{"line":30,"column":69}},"5":{"start":{"line":29,"column":26},"end":{"line":29,"column":88}},"6":{"start":{"line":30,"column":9},"end":{"line":30,"column":69}},"7":{"start":{"line":31,"column":4},"end":{"line":31,"column":60}},"8":{"start":{"line":35,"column":4},"end":{"line":35,"column":52}},"9":{"start":{"line":39,"column":4},"end":{"line":39,"column":42}},"10":{"start":{"line":43,"column":4},"end":{"line":43,"column":43}},"11":{"start":{"line":47,"column":4},"end":{"line":59,"column":null}},"12":{"start":{"line":48,"column":6},"end":{"line":58,"column":null}},"13":{"start":{"line":49,"column":8},"end":{"line":49,"column":66}},"14":{"start":{"line":50,"column":8},"end":{"line":50,"column":48}},"15":{"start":{"line":51,"column":8},"end":{"line":51,"column":70}},"16":{"start":{"line":52,"column":8},"end":{"line":52,"column":71}},"17":{"start":{"line":54,"column":8},"end":{"line":54,"column":67}},"18":{"start":{"line":55,"column":8},"end":{"line":55,"column":56}},"19":{"start":{"line":56,"column":8},"end":{"line":56,"column":71}},"20":{"start":{"line":57,"column":8},"end":{"line":57,"column":70}},"21":{"start":{"line":11,"column":0},"end":{"line":11,"column":13}}},"fnMap":{"0":{"name":"(anonymous_0)","decl":{"start":{"line":20,"column":2},"end":{"line":20,"column":14}},"loc":{"start":{"line":20,"column":69},"end":{"line":24,"column":3}}},"1":{"name":"(anonymous_1)","decl":{"start":{"line":26,"column":10},"end":{"line":26,"column":14}},"loc":{"start":{"line":26,"column":14},"end":{"line":32,"column":3}}},"2":{"name":"(anonymous_2)","decl":{"start":{"line":34,"column":2},"end":{"line":34,"column":10}},"loc":{"start":{"line":34,"column":30},"end":{"line":36,"column":3}}},"3":{"name":"(anonymous_3)","decl":{"start":{"line":38,"column":2},"end":{"line":38,"column":12}},"loc":{"start":{"line":38,"column":12},"end":{"line":40,"column":3}}},"4":{"name":"(anonymous_4)","decl":{"start":{"line":42,"column":2},"end":{"line":42,"column":10}},"loc":{"start":{"line":42,"column":10},"end":{"line":44,"column":3}}},"5":{"name":"(anonymous_5)","decl":{"start":{"line":46,"column":2},"end":{"line":46,"column":22}},"loc":{"start":{"line":46,"column":48},"end":{"line":60,"column":3}}}},"branchMap":{"0":{"loc":{"start":{"line":20,"column":65},"end":{"line":20,"column":69}},"type":"default-arg","locations":[{"start":{"line":20,"column":65},"end":{"line":20,"column":69}}]},"1":{"loc":{"start":{"line":29,"column":4},"end":{"line":30,"column":69}},"type":"if","locations":[{"start":{"line":29,"column":4},"end":{"line":30,"column":69}},{"start":{"line":29,"column":4},"end":{"line":30,"column":69}}]},"2":{"loc":{"start":{"line":47,"column":4},"end":{"line":59,"column":null}},"type":"if","locations":[{"start":{"line":47,"column":4},"end":{"line":59,"column":null}},{"start":{"line":47,"column":4},"end":{"line":59,"column":null}}]},"3":{"loc":{"start":{"line":47,"column":8},"end":{"line":47,"column":32}},"type":"binary-expr","locations":[{"start":{"line":47,"column":8},"end":{"line":47,"column":32}},{"start":{"line":47,"column":36},"end":{"line":47,"column":58}}]},"4":{"loc":{"start":{"line":48,"column":6},"end":{"line":58,"column":null}},"type":"if","locations":[{"start":{"line":48,"column":6},"end":{"line":58,"column":null}},{"start":{"line":48,"column":6},"end":{"line":58,"column":null}}]}},"s":{"0":2,"1":2,"2":2,"3":2,"4":2,"5":1,"6":1,"7":2,"8":1,"9":1,"10":1,"11":12,"12":8,"13":4,"14":4,"15":4,"16":4,"17":4,"18":4,"19":4,"20":4,"21":1},"f":{"0":2,"1":2,"2":1,"3":1,"4":1,"5":12},"b":{"0":[1],"1":[1,1],"2":[8,4],"3":[12,10],"4":[4,4]}}
}
