TN:
SF:src\Control\controlHandleX.ts
FN:27,(anonymous_0)
FN:37,(anonymous_1)
FN:45,(anonymous_2)
FN:50,(anonymous_3)
FN:55,(anonymous_4)
FN:59,(anonymous_5)
FN:65,(anonymous_6)
FN:82,(anonymous_7)
FN:95,(anonymous_8)
FN:102,(anonymous_9)
FN:109,(anonymous_10)
FN:113,(anonymous_11)
FN:120,(anonymous_12)
FN:122,(anonymous_13)
FN:130,(anonymous_14)
FN:134,(anonymous_15)
FN:138,(anonymous_16)
FN:142,(anonymous_17)
FN:146,(anonymous_18)
FN:148,(anonymous_19)
FNF:20
FNH:16
FNDA:1,(anonymous_0)
FNDA:1,(anonymous_1)
FNDA:0,(anonymous_2)
FNDA:1,(anonymous_3)
FNDA:1,(anonymous_4)
FNDA:0,(anonymous_5)
FNDA:0,(anonymous_6)
FNDA:7,(anonymous_7)
FNDA:1,(anonymous_8)
FNDA:1,(anonymous_9)
FNDA:4,(anonymous_10)
FNDA:1,(anonymous_11)
FNDA:4,(anonymous_12)
FNDA:0,(anonymous_13)
FNDA:1,(anonymous_14)
FNDA:1,(anonymous_15)
FNDA:6,(anonymous_16)
FNDA:2,(anonymous_17)
FNDA:3,(anonymous_18)
FNDA:8,(anonymous_19)
DA:6,1
DA:29,1
DA:30,1
DA:32,1
DA:33,1
DA:34,1
DA:38,1
DA:40,1
DA:41,1
DA:43,1
DA:45,1
DA:46,0
DA:51,1
DA:52,1
DA:56,1
DA:60,0
DA:61,0
DA:62,0
DA:66,0
DA:67,0
DA:68,0
DA:69,0
DA:71,0
DA:72,0
DA:73,0
DA:74,0
DA:75,0
DA:80,1
DA:83,7
DA:84,5
DA:85,5
DA:86,5
DA:87,5
DA:88,4
DA:89,4
DA:90,4
DA:96,1
DA:97,1
DA:98,1
DA:103,1
DA:104,1
DA:105,1
DA:110,4
DA:114,1
DA:115,1
DA:116,1
DA:121,4
DA:122,4
DA:123,0
DA:131,1
DA:135,1
DA:139,6
DA:143,2
DA:147,3
DA:148,3
DA:149,8
DA:151,3
LF:57
LH:43
BRDA:28,0,0,1
BRDA:69,1,0,0
BRDA:69,1,1,0
BRDA:69,2,0,0
BRDA:69,2,1,0
BRDA:71,3,0,0
BRDA:71,3,1,0
BRDA:71,4,0,0
BRDA:71,4,1,0
BRDA:83,5,0,5
BRDA:83,5,1,2
BRDA:83,6,0,7
BRDA:83,6,1,6
BRDA:87,7,0,4
BRDA:87,7,1,1
BRDA:87,8,0,5
BRDA:87,8,1,5
BRDA:96,9,0,1
BRDA:96,9,1,0
BRDA:96,10,0,1
BRDA:96,10,1,1
BRDA:103,11,0,1
BRDA:103,11,1,0
BRDA:103,12,0,1
BRDA:103,12,1,1
BRDA:115,13,0,1
BRDA:115,13,1,0
BRDA:121,14,0,4
BRDA:121,14,1,0
BRDA:121,15,0,4
BRDA:121,15,1,0
BRF:31
BRH:18
end_of_record
TN:
SF:src\Control\controlHandleY.ts
FN:27,(anonymous_0)
FN:37,(anonymous_1)
FN:45,(anonymous_2)
FN:50,(anonymous_3)
FN:55,(anonymous_4)
FN:59,(anonymous_5)
FN:65,(anonymous_6)
FN:84,(anonymous_7)
FN:97,(anonymous_8)
FN:104,(anonymous_9)
FN:111,(anonymous_10)
FN:115,(anonymous_11)
FN:122,(anonymous_12)
FN:124,(anonymous_13)
FN:133,(anonymous_14)
FN:137,(anonymous_15)
FN:141,(anonymous_16)
FN:145,(anonymous_17)
FN:149,(anonymous_18)
FN:151,(anonymous_19)
FNF:20
FNH:15
FNDA:1,(anonymous_0)
FNDA:1,(anonymous_1)
FNDA:0,(anonymous_2)
FNDA:1,(anonymous_3)
FNDA:1,(anonymous_4)
FNDA:0,(anonymous_5)
FNDA:0,(anonymous_6)
FNDA:7,(anonymous_7)
FNDA:6,(anonymous_8)
FNDA:6,(anonymous_9)
FNDA:4,(anonymous_10)
FNDA:1,(anonymous_11)
FNDA:4,(anonymous_12)
FNDA:0,(anonymous_13)
FNDA:6,(anonymous_14)
FNDA:6,(anonymous_15)
FNDA:6,(anonymous_16)
FNDA:0,(anonymous_17)
FNDA:3,(anonymous_18)
FNDA:8,(anonymous_19)
DA:6,1
DA:29,1
DA:30,1
DA:32,1
DA:33,1
DA:34,1
DA:38,1
DA:40,1
DA:41,1
DA:43,1
DA:45,1
DA:46,0
DA:51,1
DA:52,1
DA:56,1
DA:60,0
DA:61,0
DA:62,0
DA:66,0
DA:67,0
DA:68,0
DA:69,0
DA:71,0
DA:72,0
DA:73,0
DA:75,0
DA:76,0
DA:81,1
DA:85,7
DA:86,5
DA:87,5
DA:88,5
DA:89,4
DA:90,4
DA:92,4
DA:98,6
DA:99,4
DA:100,4
DA:105,6
DA:106,4
DA:107,4
DA:112,4
DA:116,1
DA:117,1
DA:118,1
DA:123,4
DA:124,4
DA:125,0
DA:128,4
DA:134,6
DA:138,6
DA:142,6
DA:146,0
DA:150,3
DA:151,3
DA:152,8
DA:154,3
LF:57
LH:42
BRDA:28,0,0,1
BRDA:69,1,0,0
BRDA:69,1,1,0
BRDA:69,2,0,0
BRDA:69,2,1,0
BRDA:71,3,0,0
BRDA:71,3,1,0
BRDA:71,4,0,0
BRDA:71,4,1,0
BRDA:85,5,0,5
BRDA:85,5,1,2
BRDA:85,6,0,7
BRDA:85,6,1,6
BRDA:88,7,0,4
BRDA:88,7,1,1
BRDA:88,8,0,5
BRDA:88,8,1,5
BRDA:98,9,0,4
BRDA:98,9,1,2
BRDA:98,10,0,6
BRDA:98,10,1,5
BRDA:105,11,0,4
BRDA:105,11,1,2
BRDA:105,12,0,6
BRDA:105,12,1,5
BRDA:117,13,0,1
BRDA:117,13,1,0
BRDA:123,14,0,4
BRDA:123,14,1,0
BRDA:123,15,0,4
BRDA:123,15,1,0
BRF:31
BRH:20
end_of_record
TN:
SF:src\Control\controlMaxMargin.ts
FN:5,(anonymous_0)
FN:11,(anonymous_1)
FN:13,(anonymous_2)
FN:19,(anonymous_3)
FN:23,(anonymous_4)
FN:34,(anonymous_5)
FN:36,(anonymous_6)
FNF:7
FNH:7
FNDA:1,(anonymous_0)
FNDA:1,(anonymous_1)
FNDA:2,(anonymous_2)
FNDA:2,(anonymous_3)
FNDA:2,(anonymous_4)
FNDA:2,(anonymous_5)
FNDA:5,(anonymous_6)
DA:4,1
DA:6,1
DA:12,1
DA:13,1
DA:14,2
DA:20,2
DA:24,2
DA:25,2
DA:26,1
DA:35,2
DA:36,2
DA:37,5
DA:39,2
LF:13
LH:13
BRDA:5,0,0,0
BRDA:12,1,0,1
BRDA:12,1,1,0
BRDA:25,2,0,1
BRDA:25,2,1,1
BRF:5
BRH:3
end_of_record
TN:
SF:src\Control\controlMinMargin.ts
FN:5,(anonymous_0)
FN:11,(anonymous_1)
FN:13,(anonymous_2)
FN:19,(anonymous_3)
FN:23,(anonymous_4)
FN:34,(anonymous_5)
FN:36,(anonymous_6)
FNF:7
FNH:7
FNDA:1,(anonymous_0)
FNDA:1,(anonymous_1)
FNDA:2,(anonymous_2)
FNDA:2,(anonymous_3)
FNDA:2,(anonymous_4)
FNDA:2,(anonymous_5)
FNDA:5,(anonymous_6)
DA:4,1
DA:6,1
DA:12,1
DA:13,1
DA:14,2
DA:20,2
DA:24,2
DA:25,2
DA:26,1
DA:35,2
DA:36,2
DA:37,5
DA:39,2
LF:13
LH:13
BRDA:5,0,0,0
BRDA:12,1,0,1
BRDA:12,1,1,0
BRDA:25,2,0,1
BRDA:25,2,1,1
BRF:5
BRH:3
end_of_record
TN:
SF:src\Control\progressFirst.ts
FN:5,(anonymous_0)
FN:20,(anonymous_1)
FN:36,(anonymous_2)
FN:48,(anonymous_3)
FNF:4
FNH:4
FNDA:2,(anonymous_0)
FNDA:2,(anonymous_1)
FNDA:12,(anonymous_2)
FNDA:12,(anonymous_3)
DA:4,1
DA:6,2
DA:7,2
DA:8,2
DA:9,2
DA:21,2
DA:23,2
DA:24,1
DA:25,1
DA:27,0
DA:30,1
DA:33,2
DA:37,12
DA:38,8
DA:39,4
DA:41,4
DA:49,12
DA:50,6
DA:52,6
LF:19
LH:18
BRDA:5,0,0,1
BRDA:5,1,0,2
BRDA:23,2,0,1
BRDA:23,2,1,1
BRDA:24,3,0,1
BRDA:24,3,1,0
BRDA:37,4,0,8
BRDA:37,4,1,4
BRDA:37,5,0,12
BRDA:37,5,1,10
BRDA:38,6,0,4
BRDA:38,6,1,4
BRDA:49,7,0,6
BRDA:49,7,1,6
BRF:14
BRH:13
end_of_record
TN:
SF:src\Control\progressLast.ts
FN:5,(anonymous_0)
FN:22,(anonymous_1)
FN:35,(anonymous_2)
FN:52,(anonymous_3)
FNF:4
FNH:4
FNDA:2,(anonymous_0)
FNDA:2,(anonymous_1)
FNDA:12,(anonymous_2)
FNDA:12,(anonymous_3)
DA:4,1
DA:6,2
DA:7,2
DA:8,2
DA:9,2
DA:23,2
DA:25,2
DA:26,1
DA:27,1
DA:28,1
DA:30,0
DA:32,2
DA:36,12
DA:37,8
DA:38,4
DA:39,4
DA:40,4
DA:42,4
DA:43,4
DA:44,4
DA:53,12
DA:54,6
DA:56,6
LF:23
LH:22
BRDA:5,0,0,1
BRDA:5,1,0,2
BRDA:25,2,0,1
BRDA:25,2,1,1
BRDA:27,3,0,1
BRDA:27,3,1,0
BRDA:36,4,0,8
BRDA:36,4,1,4
BRDA:36,5,0,12
BRDA:36,5,1,10
BRDA:37,6,0,4
BRDA:37,6,1,4
BRDA:53,7,0,6
BRDA:53,7,1,6
BRF:14
BRH:13
end_of_record
TN:
SF:src\Model\model.ts
FN:40,(anonymous_0)
FN:52,(anonymous_1)
FN:60,(anonymous_2)
FN:77,(anonymous_3)
FN:81,(anonymous_4)
FN:88,(anonymous_5)
FN:90,(anonymous_6)
FN:101,(anonymous_7)
FN:109,(anonymous_8)
FN:115,(anonymous_9)
FN:122,(anonymous_10)
FN:129,(anonymous_11)
FN:137,(anonymous_12)
FN:139,(anonymous_13)
FNF:14
FNH:10
FNDA:1,(anonymous_0)
FNDA:1,(anonymous_1)
FNDA:6,(anonymous_2)
FNDA:3,(anonymous_3)
FNDA:1,(anonymous_4)
FNDA:4,(anonymous_5)
FNDA:0,(anonymous_6)
FNDA:6,(anonymous_7)
FNDA:0,(anonymous_8)
FNDA:0,(anonymous_9)
FNDA:0,(anonymous_10)
FNDA:6,(anonymous_11)
FNDA:2,(anonymous_12)
FNDA:5,(anonymous_13)
DA:22,1
DA:42,1
DA:43,1
DA:44,1
DA:45,1
DA:46,1
DA:47,1
DA:48,1
DA:53,1
DA:54,1
DA:55,1
DA:56,0
DA:61,6
DA:63,4
DA:66,4
DA:67,0
DA:68,0
DA:70,4
DA:71,4
DA:73,4
DA:78,3
DA:82,1
DA:83,1
DA:84,1
DA:89,4
DA:90,4
DA:91,0
DA:102,6
DA:103,6
DA:104,4
DA:106,6
DA:110,0
DA:111,0
DA:116,0
DA:117,0
DA:118,0
DA:123,0
DA:124,0
DA:125,0
DA:130,6
DA:138,2
DA:139,2
DA:140,5
DA:142,2
LF:44
LH:32
BRDA:41,0,0,1
BRDA:53,1,0,1
BRDA:53,1,1,1
BRDA:54,2,0,1
BRDA:54,2,1,1
BRDA:55,3,0,1
BRDA:55,3,1,0
BRDA:61,4,0,4
BRDA:61,4,1,2
BRDA:61,5,0,6
BRDA:61,5,1,5
BRDA:66,6,0,0
BRDA:66,6,1,4
BRDA:83,7,0,1
BRDA:83,7,1,0
BRDA:89,8,0,4
BRDA:89,8,1,0
BRDA:89,9,0,4
BRDA:89,9,1,0
BRDA:103,10,0,4
BRDA:103,10,1,2
BRDA:103,11,0,6
BRDA:103,11,1,5
BRDA:110,12,0,0
BRDA:110,12,1,0
BRDA:110,13,0,0
BRDA:110,13,1,0
BRDA:116,14,0,0
BRDA:116,14,1,0
BRDA:123,15,0,0
BRDA:123,15,1,0
BRF:31
BRH:18
end_of_record
TN:
SF:src\View\view.ts
FN:20,(anonymous_0)
FN:26,(anonymous_1)
FN:34,(anonymous_2)
FN:38,(anonymous_3)
FN:42,(anonymous_4)
FN:46,(anonymous_5)
FNF:6
FNH:6
FNDA:2,(anonymous_0)
FNDA:2,(anonymous_1)
FNDA:1,(anonymous_2)
FNDA:1,(anonymous_3)
FNDA:1,(anonymous_4)
FNDA:12,(anonymous_5)
DA:11,1
DA:21,2
DA:22,2
DA:23,2
DA:28,2
DA:29,2
DA:30,1
DA:31,2
DA:35,1
DA:39,1
DA:43,1
DA:47,12
DA:48,8
DA:49,4
DA:50,4
DA:51,4
DA:52,4
DA:54,4
DA:55,4
DA:56,4
DA:57,4
LF:21
LH:21
BRDA:20,0,0,1
BRDA:29,1,0,1
BRDA:29,1,1,1
BRDA:47,2,0,8
BRDA:47,2,1,4
BRDA:47,3,0,12
BRDA:47,3,1,10
BRDA:48,4,0,4
BRDA:48,4,1,4
BRF:9
BRH:9
end_of_record
